<?xml version="1.0" encoding="UTF-8"?>
<!-- Generated by org.testng.reporters.JUnitReportReporter -->
<testsuite hostname="DESKTOP-INTDDEM" failures="0" tests="2" name="com.mystore.testcases.IndexPageTest" time="22.465" errors="0" timestamp="2022-11-04T09:25:55 NPT" skipped="0">
  <testcase classname="com.mystore.testcases.IndexPageTest" name="verifyTitle" time="11.489"/>
  <system-out/>
  <testcase classname="com.mystore.testcases.IndexPageTest" name="verifyLogo" time="10.976"/>
  <system-out/>
</testsuite> <!-- com.mystore.testcases.IndexPageTest -->
