<?xml version="1.0" encoding="UTF-8"?>
<!-- Generated by org.testng.reporters.JUnitReportReporter -->
<testsuite hostname="DESKTOP-INTDDEM" failures="0" tests="2" name="com.mystore.testcases.MultiUserLoginTest" time="92.277" errors="0" timestamp="2022-11-04T15:07:42 NPT" skipped="0">
  <testcase classname="com.mystore.testcases.MultiUserLoginTest" name="MultipleLoginTest" time="42.349"/>
  <system-out/>
  <testcase classname="com.mystore.testcases.MultiUserLoginTest" name="MultipleLoginTest" time="49.928"/>
  <system-out/>
</testsuite> <!-- com.mystore.testcases.MultiUserLoginTest -->
